<?xml version="1.0" encoding="UTF-8"?>
<!-- Generated by org.testng.reporters.JUnitReportReporter -->
<testsuite hostname="LTIN513795" failures="0" tests="5" name="testRunner.testNGTestRunner" time="112.565" errors="0" timestamp="2024-06-18T21:30:43 IST" skipped="0">
  <testcase classname="testRunner.testNGTestRunner" name="runScenario" time="14.933"/>
  <testcase classname="testRunner.testNGTestRunner" name="runScenario" time="29.965"/>
  <testcase classname="testRunner.testNGTestRunner" name="runScenario" time="20.421"/>
  <testcase classname="testRunner.testNGTestRunner" name="runScenario" time="17.714"/>
  <testcase classname="testRunner.testNGTestRunner" name="runScenario" time="29.532"/>
</testsuite> <!-- testRunner.testNGTestRunner -->
