<?xml version="1.0" encoding="UTF-8"?>
<!-- Generated by org.testng.reporters.JUnitReportReporter -->
<testsuite hostname="LTIN513795" failures="0" tests="5" name="testRunner.testNGTestRunner" time="96.233" errors="0" timestamp="2024-06-18T15:45:55 IST" skipped="0">
  <testcase classname="testRunner.testNGTestRunner" name="runScenario" time="14.158"/>
  <testcase classname="testRunner.testNGTestRunner" name="runScenario" time="28.046"/>
  <testcase classname="testRunner.testNGTestRunner" name="runScenario" time="10.160"/>
  <testcase classname="testRunner.testNGTestRunner" name="runScenario" time="16.346"/>
  <testcase classname="testRunner.testNGTestRunner" name="runScenario" time="27.523"/>
</testsuite> <!-- testRunner.testNGTestRunner -->
