<?xml version="1.0" encoding="UTF-8"?>
<!-- Generated by org.testng.reporters.JUnitReportReporter -->
<testsuite hostname="LTIN513795" failures="0" tests="5" name="testRunner.testNGTestRunner" time="106.731" errors="0" timestamp="2024-06-21T10:34:37 IST" skipped="0">
  <testcase classname="testRunner.testNGTestRunner" name="runScenario" time="15.196"/>
  <testcase classname="testRunner.testNGTestRunner" name="runScenario" time="28.278"/>
  <testcase classname="testRunner.testNGTestRunner" name="runScenario" time="25.069"/>
  <testcase classname="testRunner.testNGTestRunner" name="runScenario" time="19.197"/>
  <testcase classname="testRunner.testNGTestRunner" name="runScenario" time="18.991"/>
</testsuite> <!-- testRunner.testNGTestRunner -->
