<?xml version="1.0" encoding="UTF-8"?>
<!-- Generated by org.testng.reporters.JUnitReportReporter -->
<testsuite hostname="LTIN513795" failures="0" tests="5" name="testRunner.testNGTestRunner" time="91.392" errors="0" timestamp="2024-06-18T14:26:35 IST" skipped="0">
  <testcase classname="testRunner.testNGTestRunner" name="runScenario" time="15.676"/>
  <testcase classname="testRunner.testNGTestRunner" name="runScenario" time="14.033"/>
  <testcase classname="testRunner.testNGTestRunner" name="runScenario" time="26.555"/>
  <testcase classname="testRunner.testNGTestRunner" name="runScenario" time="11.545"/>
  <testcase classname="testRunner.testNGTestRunner" name="runScenario" time="23.583"/>
</testsuite> <!-- testRunner.testNGTestRunner -->
