<?xml version="1.0" encoding="UTF-8"?>
<!-- Generated by org.testng.reporters.JUnitReportReporter -->
<testsuite hostname="LTIN513795" failures="0" tests="5" name="testRunner.testNGTestRunner" time="116.189" errors="0" timestamp="2024-06-21T05:41:44 IST" skipped="0">
  <testcase classname="testRunner.testNGTestRunner" name="runScenario" time="20.584"/>
  <testcase classname="testRunner.testNGTestRunner" name="runScenario" time="31.802"/>
  <testcase classname="testRunner.testNGTestRunner" name="runScenario" time="17.989"/>
  <testcase classname="testRunner.testNGTestRunner" name="runScenario" time="15.909"/>
  <testcase classname="testRunner.testNGTestRunner" name="runScenario" time="29.905"/>
</testsuite> <!-- testRunner.testNGTestRunner -->
