<?xml version="1.0" encoding="UTF-8"?>
<!-- Generated by org.testng.reporters.JUnitReportReporter -->
<testsuite hostname="LTIN513795" failures="0" tests="5" name="testRunner.testNGTestRunner" time="105.651" errors="0" timestamp="2024-06-19T09:06:45 IST" skipped="0">
  <testcase classname="testRunner.testNGTestRunner" name="runScenario" time="20.459"/>
  <testcase classname="testRunner.testNGTestRunner" name="runScenario" time="26.698"/>
  <testcase classname="testRunner.testNGTestRunner" name="runScenario" time="15.736"/>
  <testcase classname="testRunner.testNGTestRunner" name="runScenario" time="14.101"/>
  <testcase classname="testRunner.testNGTestRunner" name="runScenario" time="28.657"/>
</testsuite> <!-- testRunner.testNGTestRunner -->
